<?xml version="1.0" encoding="UTF-8"?>
<!-- Generated by org.testng.reporters.JUnitReportReporter -->
<testsuite hostname="LAPTOP-VMM1IVJ2" name="Basepackage.NewTest" tests="1" failures="0" timestamp="15 May 2021 13:59:45 GMT" time="0.137" errors="0">
  <testcase name="testEasy" time="0.137" classname="Basepackage.NewTest"/>
</testsuite> <!-- Basepackage.NewTest -->
